<?xml version="1.0" encoding="UTF-8" standalone="yes"?><!DOCTYPE report PUBLIC "-//JACOCO//DTD Report 1.0//EN" "report.dtd"><report name="webpreview"><sessioninfo id="inhouse-8e3d4b43" start="1489709200669" dump="1489709205287"/><package name="com/stehno/gradle/web"><class name="com/stehno/gradle/web/PreviewServer"><method name="&lt;init&gt;" desc="()V"><counter type="INSTRUCTION" missed="8" covered="18"/><counter type="BRANCH" missed="1" covered="1"/><counter type="COMPLEXITY" missed="1" covered="1"/><counter type="METHOD" missed="0" covered="1"/></method><method name="start" desc="(ILjava/io/File;)V" line="38"><counter type="INSTRUCTION" missed="1" covered="60"/><counter type="BRANCH" missed="2" covered="2"/><counter type="LINE" missed="0" covered="4"/><counter type="COMPLEXITY" missed="2" covered="1"/><counter type="METHOD" missed="0" covered="1"/></method><method name="getPort" desc="()I" line="49"><counter type="INSTRUCTION" missed="5" covered="32"/><counter type="BRANCH" missed="1" covered="1"/><counter type="LINE" missed="0" covered="1"/><counter type="COMPLEXITY" missed="1" covered="1"/><counter type="METHOD" missed="0" covered="1"/></method><method name="getUrl" desc="()Ljava/lang/String;" line="53"><counter type="INSTRUCTION" missed="2" covered="34"/><counter type="BRANCH" missed="0" covered="2"/><counter type="LINE" missed="0" covered="1"/><counter type="COMPLEXITY" missed="0" covered="2"/><counter type="METHOD" missed="0" covered="1"/></method><method name="stop" desc="()V" line="57"><counter type="INSTRUCTION" missed="0" covered="21"/><counter type="LINE" missed="0" covered="2"/><counter type="COMPLEXITY" missed="0" covered="1"/><counter type="METHOD" missed="0" covered="1"/></method><method name="getInstance" desc="()Lcom/stehno/gradle/web/PreviewServer;"><counter type="INSTRUCTION" missed="2" covered="4"/><counter type="COMPLEXITY" missed="0" covered="1"/><counter type="METHOD" missed="0" covered="1"/></method><method name="&lt;clinit&gt;" desc="()V"><counter type="INSTRUCTION" missed="0" covered="14"/><counter type="COMPLEXITY" missed="0" covered="1"/><counter type="METHOD" missed="0" covered="1"/></method><counter type="INSTRUCTION" missed="18" covered="183"/><counter type="BRANCH" missed="4" covered="6"/><counter type="LINE" missed="0" covered="8"/><counter type="COMPLEXITY" missed="4" covered="8"/><counter type="METHOD" missed="0" covered="7"/><counter type="CLASS" missed="0" covered="1"/></class><class name="com/stehno/gradle/web/WebPreviewPlugin"><method name="&lt;init&gt;" desc="()V"><counter type="INSTRUCTION" missed="0" covered="14"/><counter type="COMPLEXITY" missed="0" covered="1"/><counter type="METHOD" missed="0" covered="1"/></method><method name="apply" desc="(Lorg/gradle/api/Project;)V" line="33"><counter type="INSTRUCTION" missed="0" covered="129"/><counter type="LINE" missed="0" covered="4"/><counter type="COMPLEXITY" missed="0" covered="1"/><counter type="METHOD" missed="0" covered="1"/></method><counter type="INSTRUCTION" missed="0" covered="143"/><counter type="LINE" missed="0" covered="4"/><counter type="COMPLEXITY" missed="0" covered="2"/><counter type="METHOD" missed="0" covered="2"/><counter type="CLASS" missed="0" covered="1"/></class><class name="com/stehno/gradle/web/StopPreviewTask"><method name="&lt;init&gt;" desc="()V"><counter type="INSTRUCTION" missed="0" covered="14"/><counter type="COMPLEXITY" missed="0" covered="1"/><counter type="METHOD" missed="0" covered="1"/></method><method name="stop" desc="()V" line="31"><counter type="INSTRUCTION" missed="0" covered="24"/><counter type="LINE" missed="0" covered="2"/><counter type="COMPLEXITY" missed="0" covered="1"/><counter type="METHOD" missed="0" covered="1"/></method><method name="getSTOP_PREVIEW" desc="()Ljava/lang/String;"><counter type="INSTRUCTION" missed="0" covered="2"/><counter type="COMPLEXITY" missed="0" covered="1"/><counter type="METHOD" missed="0" covered="1"/></method><counter type="INSTRUCTION" missed="0" covered="40"/><counter type="LINE" missed="0" covered="2"/><counter type="COMPLEXITY" missed="0" covered="3"/><counter type="METHOD" missed="0" covered="3"/><counter type="CLASS" missed="0" covered="1"/></class><class name="com/stehno/gradle/web/WebPreviewExtension"><method name="&lt;init&gt;" desc="()V"><counter type="INSTRUCTION" missed="0" covered="30"/><counter type="COMPLEXITY" missed="0" covered="1"/><counter type="METHOD" missed="0" covered="1"/></method><method name="getPort" desc="()I"><counter type="INSTRUCTION" missed="0" covered="3"/><counter type="COMPLEXITY" missed="0" covered="1"/><counter type="METHOD" missed="0" covered="1"/></method><method name="setPort" desc="(I)V"><counter type="INSTRUCTION" missed="0" covered="4"/><counter type="COMPLEXITY" missed="0" covered="1"/><counter type="METHOD" missed="0" covered="1"/></method><method name="getResourceDir" desc="()Ljava/io/File;"><counter type="INSTRUCTION" missed="0" covered="3"/><counter type="COMPLEXITY" missed="0" covered="1"/><counter type="METHOD" missed="0" covered="1"/></method><method name="setResourceDir" desc="(Ljava/io/File;)V"><counter type="INSTRUCTION" missed="0" covered="4"/><counter type="COMPLEXITY" missed="0" covered="1"/><counter type="METHOD" missed="0" covered="1"/></method><method name="getCopyUrl" desc="()Z"><counter type="INSTRUCTION" missed="3" covered="0"/><counter type="COMPLEXITY" missed="1" covered="0"/><counter type="METHOD" missed="1" covered="0"/></method><method name="isCopyUrl" desc="()Z"><counter type="INSTRUCTION" missed="0" covered="3"/><counter type="COMPLEXITY" missed="0" covered="1"/><counter type="METHOD" missed="0" covered="1"/></method><method name="setCopyUrl" desc="(Z)V"><counter type="INSTRUCTION" missed="0" covered="4"/><counter type="COMPLEXITY" missed="0" covered="1"/><counter type="METHOD" missed="0" covered="1"/></method><counter type="INSTRUCTION" missed="3" covered="51"/><counter type="COMPLEXITY" missed="1" covered="7"/><counter type="METHOD" missed="1" covered="7"/><counter type="CLASS" missed="0" covered="1"/></class><class name="com/stehno/gradle/web/PreviewStatusTask"><method name="&lt;init&gt;" desc="()V"><counter type="INSTRUCTION" missed="0" covered="14"/><counter type="COMPLEXITY" missed="0" covered="1"/><counter type="METHOD" missed="0" covered="1"/></method><method name="status" desc="()V" line="31"><counter type="INSTRUCTION" missed="0" covered="61"/><counter type="BRANCH" missed="0" covered="2"/><counter type="LINE" missed="0" covered="4"/><counter type="COMPLEXITY" missed="0" covered="2"/><counter type="METHOD" missed="0" covered="1"/></method><method name="getPREVIEW_STATUS" desc="()Ljava/lang/String;"><counter type="INSTRUCTION" missed="0" covered="2"/><counter type="COMPLEXITY" missed="0" covered="1"/><counter type="METHOD" missed="0" covered="1"/></method><counter type="INSTRUCTION" missed="0" covered="77"/><counter type="BRANCH" missed="0" covered="2"/><counter type="LINE" missed="0" covered="4"/><counter type="COMPLEXITY" missed="0" covered="4"/><counter type="METHOD" missed="0" covered="3"/><counter type="CLASS" missed="0" covered="1"/></class><class name="com/stehno/gradle/web/StartPreviewTask"><method name="&lt;init&gt;" desc="()V"><counter type="INSTRUCTION" missed="0" covered="14"/><counter type="COMPLEXITY" missed="0" covered="1"/><counter type="METHOD" missed="0" covered="1"/></method><method name="start" desc="()V" line="32"><counter type="INSTRUCTION" missed="39" covered="86"/><counter type="BRANCH" missed="2" covered="2"/><counter type="LINE" missed="1" covered="7"/><counter type="COMPLEXITY" missed="2" covered="1"/><counter type="METHOD" missed="0" covered="1"/></method><method name="getSTART_PREVIEW" desc="()Ljava/lang/String;"><counter type="INSTRUCTION" missed="0" covered="2"/><counter type="COMPLEXITY" missed="0" covered="1"/><counter type="METHOD" missed="0" covered="1"/></method><counter type="INSTRUCTION" missed="39" covered="102"/><counter type="BRANCH" missed="2" covered="2"/><counter type="LINE" missed="1" covered="7"/><counter type="COMPLEXITY" missed="2" covered="3"/><counter type="METHOD" missed="0" covered="3"/><counter type="CLASS" missed="0" covered="1"/></class><sourcefile name="PreviewStatusTask.groovy"><line nr="31" mi="0" ci="14" mb="0" cb="0"/><line nr="32" mi="0" ci="3" mb="0" cb="2"/><line nr="33" mi="0" ci="30" mb="0" cb="0"/><line nr="35" mi="0" ci="12" mb="0" cb="0"/><counter type="INSTRUCTION" missed="0" covered="77"/><counter type="BRANCH" missed="0" covered="2"/><counter type="LINE" missed="0" covered="4"/><counter type="COMPLEXITY" missed="0" covered="4"/><counter type="METHOD" missed="0" covered="3"/><counter type="CLASS" missed="0" covered="1"/></sourcefile><sourcefile name="StartPreviewTask.groovy"><line nr="32" mi="0" ci="20" mb="0" cb="0"/><line nr="34" mi="3" ci="8" mb="1" cb="1"/><line nr="36" mi="0" ci="11" mb="0" cb="0"/><line nr="37" mi="0" ci="16" mb="0" cb="0"/><line nr="39" mi="0" ci="21" mb="0" cb="0"/><line nr="41" mi="0" ci="7" mb="1" cb="1"/><line nr="42" mi="25" ci="0" mb="0" cb="0"/><line nr="43" mi="11" ci="1" mb="0" cb="0"/><counter type="INSTRUCTION" missed="39" covered="102"/><counter type="BRANCH" missed="2" covered="2"/><counter type="LINE" missed="1" covered="7"/><counter type="COMPLEXITY" missed="2" covered="3"/><counter type="METHOD" missed="0" covered="3"/><counter type="CLASS" missed="0" covered="1"/></sourcefile><sourcefile name="PreviewServer.groovy"><line nr="38" mi="1" ci="7" mb="2" cb="2"/><line nr="39" mi="0" ci="18" mb="0" cb="0"/><line nr="41" mi="0" ci="25" mb="0" cb="0"/><line nr="44" mi="0" ci="8" mb="0" cb="0"/><line nr="49" mi="5" ci="30" mb="1" cb="1"/><line nr="53" mi="2" ci="32" mb="0" cb="2"/><line nr="57" mi="0" ci="7" mb="0" cb="0"/><line nr="58" mi="0" ci="12" mb="0" cb="0"/><counter type="INSTRUCTION" missed="18" covered="183"/><counter type="BRANCH" missed="4" covered="6"/><counter type="LINE" missed="0" covered="8"/><counter type="COMPLEXITY" missed="4" covered="8"/><counter type="METHOD" missed="0" covered="7"/><counter type="CLASS" missed="0" covered="1"/></sourcefile><sourcefile name="StopPreviewTask.groovy"><line nr="31" mi="0" ci="11" mb="0" cb="0"/><line nr="33" mi="0" ci="11" mb="0" cb="0"/><counter type="INSTRUCTION" missed="0" covered="40"/><counter type="LINE" missed="0" covered="2"/><counter type="COMPLEXITY" missed="0" covered="3"/><counter type="METHOD" missed="0" covered="3"/><counter type="CLASS" missed="0" covered="1"/></sourcefile><sourcefile name="WebPreviewExtension.groovy"><counter type="INSTRUCTION" missed="3" covered="51"/><counter type="COMPLEXITY" missed="1" covered="7"/><counter type="METHOD" missed="1" covered="7"/><counter type="CLASS" missed="0" covered="1"/></sourcefile><sourcefile name="WebPreviewPlugin.groovy"><line nr="33" mi="0" ci="12" mb="0" cb="0"/><line nr="35" mi="0" ci="38" mb="0" cb="0"/><line nr="36" mi="0" ci="38" mb="0" cb="0"/><line nr="37" mi="0" ci="39" mb="0" cb="0"/><counter type="INSTRUCTION" missed="0" covered="143"/><counter type="LINE" missed="0" covered="4"/><counter type="COMPLEXITY" missed="0" covered="2"/><counter type="METHOD" missed="0" covered="2"/><counter type="CLASS" missed="0" covered="1"/></sourcefile><counter type="INSTRUCTION" missed="60" covered="596"/><counter type="BRANCH" missed="6" covered="10"/><counter type="LINE" missed="1" covered="25"/><counter type="COMPLEXITY" missed="7" covered="27"/><counter type="METHOD" missed="1" covered="25"/><counter type="CLASS" missed="0" covered="6"/></package><counter type="INSTRUCTION" missed="60" covered="596"/><counter type="BRANCH" missed="6" covered="10"/><counter type="LINE" missed="1" covered="25"/><counter type="COMPLEXITY" missed="7" covered="27"/><counter type="METHOD" missed="1" covered="25"/><counter type="CLASS" missed="0" covered="6"/></report>